2022-05-10T11:39:24+00:00 CRITICAL Maximum execution time of 120 seconds exceeded dans C:\xampp\htdocs\bcom\wp-includes\wp-db.php à la ligne 2162

2022-05-10T11:39:32+00:00 CRITICAL Uncaught Exception: Invalid data: {"data":["Array","Array"],"element":"Array"} in C:\xampp\htdocs\bcom\wp-content\plugins\elementor\core\base\document.php:878
Stack trace:
#0 C:\xampp\htdocs\bcom\wp-content\plugins\astra-sites\inc\importers\batch-processing\class-astra-sites-batch-processing-elementor.php(122): Elementor\Core\Base\Document->get_elements_raw_data(Array, true)
#1 C:\xampp\htdocs\bcom\wp-content\plugins\astra-sites\inc\importers\batch-processing\class-astra-sites-batch-processing-elementor.php(66): Elementor\TemplateLibrary\Astra_Sites_Batch_Processing_Elementor->import_single_post(8)
#2 C:\xampp\htdocs\bcom\wp-content\plugins\astra-sites\inc\importers\batch-processing\helpers\class-wp-background-process-astra.php(41): Elementor\TemplateLibrary\Astra_Sites_Batch_Processing_Elementor->import()
#3 C:\xampp\htdocs\bcom\wp-content\plugins\woocommerce\includes\libraries\wp-background-process.php(301): WP_Background_Process_Astra->task(Object(Elementor\TemplateLibrary\Astra_Sites_Batch_Processing_Elementor))
#4 C:\xampp\htdocs\bcom\wp-content\plugins\woocommerce\includes\libraries\wp-background-process.php(447): WP_Background_Process->handle()
#5 C:\xampp\htdocs\bcom\wp-includes\class-wp-hook.php(307): WP_Background_Process->handle_cron_healthcheck()
#6 C:\xampp\htdocs\bcom\wp-includes\class-wp-hook.php(331): WP_Hook->apply_filters('', Array)
#7 C:\xampp\htdocs\bcom\wp-includes\plugin.php(522): WP_Hook->do_action(Array)
#8 C:\xampp\htdocs\bcom\wp-cron.php(138): do_action_ref_array('wp_image_proces...', Array)
#9 {main}
  thrown dans C:\xampp\htdocs\bcom\wp-content\plugins\elementor\core\base\document.php à la ligne 878

2022-05-10T11:41:10+00:00 CRITICAL Uncaught Exception: Invalid data: {"data":["Array","Array"],"element":"Array"} in C:\xampp\htdocs\bcom\wp-content\plugins\elementor\core\base\document.php:878
Stack trace:
#0 C:\xampp\htdocs\bcom\wp-content\plugins\astra-sites\inc\importers\batch-processing\class-astra-sites-batch-processing-elementor.php(122): Elementor\Core\Base\Document->get_elements_raw_data(Array, true)
#1 C:\xampp\htdocs\bcom\wp-content\plugins\astra-sites\inc\importers\batch-processing\class-astra-sites-batch-processing-elementor.php(66): Elementor\TemplateLibrary\Astra_Sites_Batch_Processing_Elementor->import_single_post(8)
#2 C:\xampp\htdocs\bcom\wp-content\plugins\astra-sites\inc\importers\batch-processing\helpers\class-wp-background-process-astra.php(41): Elementor\TemplateLibrary\Astra_Sites_Batch_Processing_Elementor->import()
#3 C:\xampp\htdocs\bcom\wp-content\plugins\woocommerce\includes\libraries\wp-background-process.php(301): WP_Background_Process_Astra->task(Object(Elementor\TemplateLibrary\Astra_Sites_Batch_Processing_Elementor))
#4 C:\xampp\htdocs\bcom\wp-content\plugins\woocommerce\includes\libraries\wp-background-process.php(447): WP_Background_Process->handle()
#5 C:\xampp\htdocs\bcom\wp-includes\class-wp-hook.php(307): WP_Background_Process->handle_cron_healthcheck()
#6 C:\xampp\htdocs\bcom\wp-includes\class-wp-hook.php(331): WP_Hook->apply_filters('', Array)
#7 C:\xampp\htdocs\bcom\wp-includes\plugin.php(522): WP_Hook->do_action(Array)
#8 C:\xampp\htdocs\bcom\wp-cron.php(138): do_action_ref_array('wp_image_proces...', Array)
#9 {main}
  thrown dans C:\xampp\htdocs\bcom\wp-content\plugins\elementor\core\base\document.php à la ligne 878

2022-05-10T11:45:58+00:00 CRITICAL Uncaught Exception: Invalid data: {"data":["Array","Array"],"element":"Array"} in C:\xampp\htdocs\bcom\wp-content\plugins\elementor\core\base\document.php:878
Stack trace:
#0 C:\xampp\htdocs\bcom\wp-content\plugins\astra-sites\inc\importers\batch-processing\class-astra-sites-batch-processing-elementor.php(122): Elementor\Core\Base\Document->get_elements_raw_data(Array, true)
#1 C:\xampp\htdocs\bcom\wp-content\plugins\astra-sites\inc\importers\batch-processing\class-astra-sites-batch-processing-elementor.php(66): Elementor\TemplateLibrary\Astra_Sites_Batch_Processing_Elementor->import_single_post(8)
#2 C:\xampp\htdocs\bcom\wp-content\plugins\astra-sites\inc\importers\batch-processing\helpers\class-wp-background-process-astra.php(41): Elementor\TemplateLibrary\Astra_Sites_Batch_Processing_Elementor->import()
#3 C:\xampp\htdocs\bcom\wp-content\plugins\woocommerce\includes\libraries\wp-background-process.php(301): WP_Background_Process_Astra->task(Object(Elementor\TemplateLibrary\Astra_Sites_Batch_Processing_Elementor))
#4 C:\xampp\htdocs\bcom\wp-content\plugins\woocommerce\includes\libraries\wp-background-process.php(447): WP_Background_Process->handle()
#5 C:\xampp\htdocs\bcom\wp-includes\class-wp-hook.php(307): WP_Background_Process->handle_cron_healthcheck()
#6 C:\xampp\htdocs\bcom\wp-includes\class-wp-hook.php(331): WP_Hook->apply_filters('', Array)
#7 C:\xampp\htdocs\bcom\wp-includes\plugin.php(522): WP_Hook->do_action(Array)
#8 C:\xampp\htdocs\bcom\wp-cron.php(138): do_action_ref_array('wp_image_proces...', Array)
#9 {main}
  thrown dans C:\xampp\htdocs\bcom\wp-content\plugins\elementor\core\base\document.php à la ligne 878

2022-05-10T11:50:32+00:00 CRITICAL Uncaught Exception: Invalid data: {"data":["Array","Array"],"element":"Array"} in C:\xampp\htdocs\bcom\wp-content\plugins\elementor\core\base\document.php:878
Stack trace:
#0 C:\xampp\htdocs\bcom\wp-content\plugins\astra-sites\inc\importers\batch-processing\class-astra-sites-batch-processing-elementor.php(122): Elementor\Core\Base\Document->get_elements_raw_data(Array, true)
#1 C:\xampp\htdocs\bcom\wp-content\plugins\astra-sites\inc\importers\batch-processing\class-astra-sites-batch-processing-elementor.php(66): Elementor\TemplateLibrary\Astra_Sites_Batch_Processing_Elementor->import_single_post(8)
#2 C:\xampp\htdocs\bcom\wp-content\plugins\astra-sites\inc\importers\batch-processing\helpers\class-wp-background-process-astra.php(41): Elementor\TemplateLibrary\Astra_Sites_Batch_Processing_Elementor->import()
#3 C:\xampp\htdocs\bcom\wp-content\plugins\woocommerce\includes\libraries\wp-background-process.php(301): WP_Background_Process_Astra->task(Object(Elementor\TemplateLibrary\Astra_Sites_Batch_Processing_Elementor))
#4 C:\xampp\htdocs\bcom\wp-content\plugins\woocommerce\includes\libraries\wp-background-process.php(447): WP_Background_Process->handle()
#5 C:\xampp\htdocs\bcom\wp-includes\class-wp-hook.php(307): WP_Background_Process->handle_cron_healthcheck()
#6 C:\xampp\htdocs\bcom\wp-includes\class-wp-hook.php(331): WP_Hook->apply_filters('', Array)
#7 C:\xampp\htdocs\bcom\wp-includes\plugin.php(522): WP_Hook->do_action(Array)
#8 C:\xampp\htdocs\bcom\wp-cron.php(138): do_action_ref_array('wp_image_proces...', Array)
#9 {main}
  thrown dans C:\xampp\htdocs\bcom\wp-content\plugins\elementor\core\base\document.php à la ligne 878

2022-05-10T11:56:34+00:00 CRITICAL Uncaught Exception: Invalid data: {"data":["Array","Array"],"element":"Array"} in C:\xampp\htdocs\bcom\wp-content\plugins\elementor\core\base\document.php:878
Stack trace:
#0 C:\xampp\htdocs\bcom\wp-content\plugins\astra-sites\inc\importers\batch-processing\class-astra-sites-batch-processing-elementor.php(122): Elementor\Core\Base\Document->get_elements_raw_data(Array, true)
#1 C:\xampp\htdocs\bcom\wp-content\plugins\astra-sites\inc\importers\batch-processing\class-astra-sites-batch-processing-elementor.php(66): Elementor\TemplateLibrary\Astra_Sites_Batch_Processing_Elementor->import_single_post(8)
#2 C:\xampp\htdocs\bcom\wp-content\plugins\astra-sites\inc\importers\batch-processing\helpers\class-wp-background-process-astra.php(41): Elementor\TemplateLibrary\Astra_Sites_Batch_Processing_Elementor->import()
#3 C:\xampp\htdocs\bcom\wp-content\plugins\woocommerce\includes\libraries\wp-background-process.php(301): WP_Background_Process_Astra->task(Object(Elementor\TemplateLibrary\Astra_Sites_Batch_Processing_Elementor))
#4 C:\xampp\htdocs\bcom\wp-content\plugins\woocommerce\includes\libraries\wp-background-process.php(447): WP_Background_Process->handle()
#5 C:\xampp\htdocs\bcom\wp-includes\class-wp-hook.php(307): WP_Background_Process->handle_cron_healthcheck()
#6 C:\xampp\htdocs\bcom\wp-includes\class-wp-hook.php(331): WP_Hook->apply_filters('', Array)
#7 C:\xampp\htdocs\bcom\wp-includes\plugin.php(522): WP_Hook->do_action(Array)
#8 C:\xampp\htdocs\bcom\wp-cron.php(138): do_action_ref_array('wp_image_proces...', Array)
#9 {main}
  thrown dans C:\xampp\htdocs\bcom\wp-content\plugins\elementor\core\base\document.php à la ligne 878

2022-05-10T12:00:33+00:00 CRITICAL Uncaught Exception: Invalid data: {"data":["Array","Array"],"element":"Array"} in C:\xampp\htdocs\bcom\wp-content\plugins\elementor\core\base\document.php:878
Stack trace:
#0 C:\xampp\htdocs\bcom\wp-content\plugins\astra-sites\inc\importers\batch-processing\class-astra-sites-batch-processing-elementor.php(122): Elementor\Core\Base\Document->get_elements_raw_data(Array, true)
#1 C:\xampp\htdocs\bcom\wp-content\plugins\astra-sites\inc\importers\batch-processing\class-astra-sites-batch-processing-elementor.php(66): Elementor\TemplateLibrary\Astra_Sites_Batch_Processing_Elementor->import_single_post(8)
#2 C:\xampp\htdocs\bcom\wp-content\plugins\astra-sites\inc\importers\batch-processing\helpers\class-wp-background-process-astra.php(41): Elementor\TemplateLibrary\Astra_Sites_Batch_Processing_Elementor->import()
#3 C:\xampp\htdocs\bcom\wp-content\plugins\woocommerce\includes\libraries\wp-background-process.php(301): WP_Background_Process_Astra->task(Object(Elementor\TemplateLibrary\Astra_Sites_Batch_Processing_Elementor))
#4 C:\xampp\htdocs\bcom\wp-content\plugins\woocommerce\includes\libraries\wp-background-process.php(447): WP_Background_Process->handle()
#5 C:\xampp\htdocs\bcom\wp-includes\class-wp-hook.php(307): WP_Background_Process->handle_cron_healthcheck()
#6 C:\xampp\htdocs\bcom\wp-includes\class-wp-hook.php(331): WP_Hook->apply_filters('', Array)
#7 C:\xampp\htdocs\bcom\wp-includes\plugin.php(522): WP_Hook->do_action(Array)
#8 C:\xampp\htdocs\bcom\wp-cron.php(138): do_action_ref_array('wp_image_proces...', Array)
#9 {main}
  thrown dans C:\xampp\htdocs\bcom\wp-content\plugins\elementor\core\base\document.php à la ligne 878

2022-05-10T12:06:32+00:00 CRITICAL Uncaught Exception: Invalid data: {"data":["Array","Array"],"element":"Array"} in C:\xampp\htdocs\bcom\wp-content\plugins\elementor\core\base\document.php:878
Stack trace:
#0 C:\xampp\htdocs\bcom\wp-content\plugins\astra-sites\inc\importers\batch-processing\class-astra-sites-batch-processing-elementor.php(122): Elementor\Core\Base\Document->get_elements_raw_data(Array, true)
#1 C:\xampp\htdocs\bcom\wp-content\plugins\astra-sites\inc\importers\batch-processing\class-astra-sites-batch-processing-elementor.php(66): Elementor\TemplateLibrary\Astra_Sites_Batch_Processing_Elementor->import_single_post(8)
#2 C:\xampp\htdocs\bcom\wp-content\plugins\astra-sites\inc\importers\batch-processing\helpers\class-wp-background-process-astra.php(41): Elementor\TemplateLibrary\Astra_Sites_Batch_Processing_Elementor->import()
#3 C:\xampp\htdocs\bcom\wp-content\plugins\woocommerce\includes\libraries\wp-background-process.php(301): WP_Background_Process_Astra->task(Object(Elementor\TemplateLibrary\Astra_Sites_Batch_Processing_Elementor))
#4 C:\xampp\htdocs\bcom\wp-content\plugins\woocommerce\includes\libraries\wp-background-process.php(447): WP_Background_Process->handle()
#5 C:\xampp\htdocs\bcom\wp-includes\class-wp-hook.php(307): WP_Background_Process->handle_cron_healthcheck()
#6 C:\xampp\htdocs\bcom\wp-includes\class-wp-hook.php(331): WP_Hook->apply_filters('', Array)
#7 C:\xampp\htdocs\bcom\wp-includes\plugin.php(522): WP_Hook->do_action(Array)
#8 C:\xampp\htdocs\bcom\wp-cron.php(138): do_action_ref_array('wp_image_proces...', Array)
#9 {main}
  thrown dans C:\xampp\htdocs\bcom\wp-content\plugins\elementor\core\base\document.php à la ligne 878

2022-05-10T12:10:33+00:00 CRITICAL Uncaught Exception: Invalid data: {"data":["Array","Array"],"element":"Array"} in C:\xampp\htdocs\bcom\wp-content\plugins\elementor\core\base\document.php:878
Stack trace:
#0 C:\xampp\htdocs\bcom\wp-content\plugins\astra-sites\inc\importers\batch-processing\class-astra-sites-batch-processing-elementor.php(122): Elementor\Core\Base\Document->get_elements_raw_data(Array, true)
#1 C:\xampp\htdocs\bcom\wp-content\plugins\astra-sites\inc\importers\batch-processing\class-astra-sites-batch-processing-elementor.php(66): Elementor\TemplateLibrary\Astra_Sites_Batch_Processing_Elementor->import_single_post(8)
#2 C:\xampp\htdocs\bcom\wp-content\plugins\astra-sites\inc\importers\batch-processing\helpers\class-wp-background-process-astra.php(41): Elementor\TemplateLibrary\Astra_Sites_Batch_Processing_Elementor->import()
#3 C:\xampp\htdocs\bcom\wp-content\plugins\woocommerce\includes\libraries\wp-background-process.php(301): WP_Background_Process_Astra->task(Object(Elementor\TemplateLibrary\Astra_Sites_Batch_Processing_Elementor))
#4 C:\xampp\htdocs\bcom\wp-content\plugins\woocommerce\includes\libraries\wp-background-process.php(447): WP_Background_Process->handle()
#5 C:\xampp\htdocs\bcom\wp-includes\class-wp-hook.php(307): WP_Background_Process->handle_cron_healthcheck()
#6 C:\xampp\htdocs\bcom\wp-includes\class-wp-hook.php(331): WP_Hook->apply_filters('', Array)
#7 C:\xampp\htdocs\bcom\wp-includes\plugin.php(522): WP_Hook->do_action(Array)
#8 C:\xampp\htdocs\bcom\wp-cron.php(138): do_action_ref_array('wp_image_proces...', Array)
#9 {main}
  thrown dans C:\xampp\htdocs\bcom\wp-content\plugins\elementor\core\base\document.php à la ligne 878

2022-05-10T12:16:32+00:00 CRITICAL Uncaught Exception: Invalid data: {"data":["Array","Array"],"element":"Array"} in C:\xampp\htdocs\bcom\wp-content\plugins\elementor\core\base\document.php:878
Stack trace:
#0 C:\xampp\htdocs\bcom\wp-content\plugins\astra-sites\inc\importers\batch-processing\class-astra-sites-batch-processing-elementor.php(122): Elementor\Core\Base\Document->get_elements_raw_data(Array, true)
#1 C:\xampp\htdocs\bcom\wp-content\plugins\astra-sites\inc\importers\batch-processing\class-astra-sites-batch-processing-elementor.php(66): Elementor\TemplateLibrary\Astra_Sites_Batch_Processing_Elementor->import_single_post(8)
#2 C:\xampp\htdocs\bcom\wp-content\plugins\astra-sites\inc\importers\batch-processing\helpers\class-wp-background-process-astra.php(41): Elementor\TemplateLibrary\Astra_Sites_Batch_Processing_Elementor->import()
#3 C:\xampp\htdocs\bcom\wp-content\plugins\woocommerce\includes\libraries\wp-background-process.php(301): WP_Background_Process_Astra->task(Object(Elementor\TemplateLibrary\Astra_Sites_Batch_Processing_Elementor))
#4 C:\xampp\htdocs\bcom\wp-content\plugins\woocommerce\includes\libraries\wp-background-process.php(447): WP_Background_Process->handle()
#5 C:\xampp\htdocs\bcom\wp-includes\class-wp-hook.php(307): WP_Background_Process->handle_cron_healthcheck()
#6 C:\xampp\htdocs\bcom\wp-includes\class-wp-hook.php(331): WP_Hook->apply_filters('', Array)
#7 C:\xampp\htdocs\bcom\wp-includes\plugin.php(522): WP_Hook->do_action(Array)
#8 C:\xampp\htdocs\bcom\wp-cron.php(138): do_action_ref_array('wp_image_proces...', Array)
#9 {main}
  thrown dans C:\xampp\htdocs\bcom\wp-content\plugins\elementor\core\base\document.php à la ligne 878

2022-05-10T12:20:33+00:00 CRITICAL Uncaught Exception: Invalid data: {"data":["Array","Array"],"element":"Array"} in C:\xampp\htdocs\bcom\wp-content\plugins\elementor\core\base\document.php:878
Stack trace:
#0 C:\xampp\htdocs\bcom\wp-content\plugins\astra-sites\inc\importers\batch-processing\class-astra-sites-batch-processing-elementor.php(122): Elementor\Core\Base\Document->get_elements_raw_data(Array, true)
#1 C:\xampp\htdocs\bcom\wp-content\plugins\astra-sites\inc\importers\batch-processing\class-astra-sites-batch-processing-elementor.php(66): Elementor\TemplateLibrary\Astra_Sites_Batch_Processing_Elementor->import_single_post(8)
#2 C:\xampp\htdocs\bcom\wp-content\plugins\astra-sites\inc\importers\batch-processing\helpers\class-wp-background-process-astra.php(41): Elementor\TemplateLibrary\Astra_Sites_Batch_Processing_Elementor->import()
#3 C:\xampp\htdocs\bcom\wp-content\plugins\woocommerce\includes\libraries\wp-background-process.php(301): WP_Background_Process_Astra->task(Object(Elementor\TemplateLibrary\Astra_Sites_Batch_Processing_Elementor))
#4 C:\xampp\htdocs\bcom\wp-content\plugins\woocommerce\includes\libraries\wp-background-process.php(447): WP_Background_Process->handle()
#5 C:\xampp\htdocs\bcom\wp-includes\class-wp-hook.php(307): WP_Background_Process->handle_cron_healthcheck()
#6 C:\xampp\htdocs\bcom\wp-includes\class-wp-hook.php(331): WP_Hook->apply_filters('', Array)
#7 C:\xampp\htdocs\bcom\wp-includes\plugin.php(522): WP_Hook->do_action(Array)
#8 C:\xampp\htdocs\bcom\wp-cron.php(138): do_action_ref_array('wp_image_proces...', Array)
#9 {main}
  thrown dans C:\xampp\htdocs\bcom\wp-content\plugins\elementor\core\base\document.php à la ligne 878

2022-05-10T12:26:32+00:00 CRITICAL Uncaught Exception: Invalid data: {"data":["Array","Array"],"element":"Array"} in C:\xampp\htdocs\bcom\wp-content\plugins\elementor\core\base\document.php:878
Stack trace:
#0 C:\xampp\htdocs\bcom\wp-content\plugins\astra-sites\inc\importers\batch-processing\class-astra-sites-batch-processing-elementor.php(122): Elementor\Core\Base\Document->get_elements_raw_data(Array, true)
#1 C:\xampp\htdocs\bcom\wp-content\plugins\astra-sites\inc\importers\batch-processing\class-astra-sites-batch-processing-elementor.php(66): Elementor\TemplateLibrary\Astra_Sites_Batch_Processing_Elementor->import_single_post(8)
#2 C:\xampp\htdocs\bcom\wp-content\plugins\astra-sites\inc\importers\batch-processing\helpers\class-wp-background-process-astra.php(41): Elementor\TemplateLibrary\Astra_Sites_Batch_Processing_Elementor->import()
#3 C:\xampp\htdocs\bcom\wp-content\plugins\woocommerce\includes\libraries\wp-background-process.php(301): WP_Background_Process_Astra->task(Object(Elementor\TemplateLibrary\Astra_Sites_Batch_Processing_Elementor))
#4 C:\xampp\htdocs\bcom\wp-content\plugins\woocommerce\includes\libraries\wp-background-process.php(447): WP_Background_Process->handle()
#5 C:\xampp\htdocs\bcom\wp-includes\class-wp-hook.php(307): WP_Background_Process->handle_cron_healthcheck()
#6 C:\xampp\htdocs\bcom\wp-includes\class-wp-hook.php(331): WP_Hook->apply_filters('', Array)
#7 C:\xampp\htdocs\bcom\wp-includes\plugin.php(522): WP_Hook->do_action(Array)
#8 C:\xampp\htdocs\bcom\wp-cron.php(138): do_action_ref_array('wp_image_proces...', Array)
#9 {main}
  thrown dans C:\xampp\htdocs\bcom\wp-content\plugins\elementor\core\base\document.php à la ligne 878

2022-05-10T12:30:32+00:00 CRITICAL Uncaught Exception: Invalid data: {"data":["Array","Array"],"element":"Array"} in C:\xampp\htdocs\bcom\wp-content\plugins\elementor\core\base\document.php:878
Stack trace:
#0 C:\xampp\htdocs\bcom\wp-content\plugins\astra-sites\inc\importers\batch-processing\class-astra-sites-batch-processing-elementor.php(122): Elementor\Core\Base\Document->get_elements_raw_data(Array, true)
#1 C:\xampp\htdocs\bcom\wp-content\plugins\astra-sites\inc\importers\batch-processing\class-astra-sites-batch-processing-elementor.php(66): Elementor\TemplateLibrary\Astra_Sites_Batch_Processing_Elementor->import_single_post(8)
#2 C:\xampp\htdocs\bcom\wp-content\plugins\astra-sites\inc\importers\batch-processing\helpers\class-wp-background-process-astra.php(41): Elementor\TemplateLibrary\Astra_Sites_Batch_Processing_Elementor->import()
#3 C:\xampp\htdocs\bcom\wp-content\plugins\woocommerce\includes\libraries\wp-background-process.php(301): WP_Background_Process_Astra->task(Object(Elementor\TemplateLibrary\Astra_Sites_Batch_Processing_Elementor))
#4 C:\xampp\htdocs\bcom\wp-content\plugins\woocommerce\includes\libraries\wp-background-process.php(447): WP_Background_Process->handle()
#5 C:\xampp\htdocs\bcom\wp-includes\class-wp-hook.php(307): WP_Background_Process->handle_cron_healthcheck()
#6 C:\xampp\htdocs\bcom\wp-includes\class-wp-hook.php(331): WP_Hook->apply_filters('', Array)
#7 C:\xampp\htdocs\bcom\wp-includes\plugin.php(522): WP_Hook->do_action(Array)
#8 C:\xampp\htdocs\bcom\wp-cron.php(138): do_action_ref_array('wp_image_proces...', Array)
#9 {main}
  thrown dans C:\xampp\htdocs\bcom\wp-content\plugins\elementor\core\base\document.php à la ligne 878

2022-05-10T12:36:32+00:00 CRITICAL Uncaught Exception: Invalid data: {"data":["Array","Array"],"element":"Array"} in C:\xampp\htdocs\bcom\wp-content\plugins\elementor\core\base\document.php:878
Stack trace:
#0 C:\xampp\htdocs\bcom\wp-content\plugins\astra-sites\inc\importers\batch-processing\class-astra-sites-batch-processing-elementor.php(122): Elementor\Core\Base\Document->get_elements_raw_data(Array, true)
#1 C:\xampp\htdocs\bcom\wp-content\plugins\astra-sites\inc\importers\batch-processing\class-astra-sites-batch-processing-elementor.php(66): Elementor\TemplateLibrary\Astra_Sites_Batch_Processing_Elementor->import_single_post(8)
#2 C:\xampp\htdocs\bcom\wp-content\plugins\astra-sites\inc\importers\batch-processing\helpers\class-wp-background-process-astra.php(41): Elementor\TemplateLibrary\Astra_Sites_Batch_Processing_Elementor->import()
#3 C:\xampp\htdocs\bcom\wp-content\plugins\woocommerce\includes\libraries\wp-background-process.php(301): WP_Background_Process_Astra->task(Object(Elementor\TemplateLibrary\Astra_Sites_Batch_Processing_Elementor))
#4 C:\xampp\htdocs\bcom\wp-content\plugins\woocommerce\includes\libraries\wp-background-process.php(447): WP_Background_Process->handle()
#5 C:\xampp\htdocs\bcom\wp-includes\class-wp-hook.php(307): WP_Background_Process->handle_cron_healthcheck()
#6 C:\xampp\htdocs\bcom\wp-includes\class-wp-hook.php(331): WP_Hook->apply_filters('', Array)
#7 C:\xampp\htdocs\bcom\wp-includes\plugin.php(522): WP_Hook->do_action(Array)
#8 C:\xampp\htdocs\bcom\wp-cron.php(138): do_action_ref_array('wp_image_proces...', Array)
#9 {main}
  thrown dans C:\xampp\htdocs\bcom\wp-content\plugins\elementor\core\base\document.php à la ligne 878

2022-05-10T12:40:33+00:00 CRITICAL Uncaught Exception: Invalid data: {"data":["Array","Array"],"element":"Array"} in C:\xampp\htdocs\bcom\wp-content\plugins\elementor\core\base\document.php:878
Stack trace:
#0 C:\xampp\htdocs\bcom\wp-content\plugins\astra-sites\inc\importers\batch-processing\class-astra-sites-batch-processing-elementor.php(122): Elementor\Core\Base\Document->get_elements_raw_data(Array, true)
#1 C:\xampp\htdocs\bcom\wp-content\plugins\astra-sites\inc\importers\batch-processing\class-astra-sites-batch-processing-elementor.php(66): Elementor\TemplateLibrary\Astra_Sites_Batch_Processing_Elementor->import_single_post(8)
#2 C:\xampp\htdocs\bcom\wp-content\plugins\astra-sites\inc\importers\batch-processing\helpers\class-wp-background-process-astra.php(41): Elementor\TemplateLibrary\Astra_Sites_Batch_Processing_Elementor->import()
#3 C:\xampp\htdocs\bcom\wp-content\plugins\woocommerce\includes\libraries\wp-background-process.php(301): WP_Background_Process_Astra->task(Object(Elementor\TemplateLibrary\Astra_Sites_Batch_Processing_Elementor))
#4 C:\xampp\htdocs\bcom\wp-content\plugins\woocommerce\includes\libraries\wp-background-process.php(447): WP_Background_Process->handle()
#5 C:\xampp\htdocs\bcom\wp-includes\class-wp-hook.php(307): WP_Background_Process->handle_cron_healthcheck()
#6 C:\xampp\htdocs\bcom\wp-includes\class-wp-hook.php(331): WP_Hook->apply_filters('', Array)
#7 C:\xampp\htdocs\bcom\wp-includes\plugin.php(522): WP_Hook->do_action(Array)
#8 C:\xampp\htdocs\bcom\wp-cron.php(138): do_action_ref_array('wp_image_proces...', Array)
#9 {main}
  thrown dans C:\xampp\htdocs\bcom\wp-content\plugins\elementor\core\base\document.php à la ligne 878

2022-05-10T12:46:32+00:00 CRITICAL Uncaught Exception: Invalid data: {"data":["Array","Array"],"element":"Array"} in C:\xampp\htdocs\bcom\wp-content\plugins\elementor\core\base\document.php:878
Stack trace:
#0 C:\xampp\htdocs\bcom\wp-content\plugins\astra-sites\inc\importers\batch-processing\class-astra-sites-batch-processing-elementor.php(122): Elementor\Core\Base\Document->get_elements_raw_data(Array, true)
#1 C:\xampp\htdocs\bcom\wp-content\plugins\astra-sites\inc\importers\batch-processing\class-astra-sites-batch-processing-elementor.php(66): Elementor\TemplateLibrary\Astra_Sites_Batch_Processing_Elementor->import_single_post(8)
#2 C:\xampp\htdocs\bcom\wp-content\plugins\astra-sites\inc\importers\batch-processing\helpers\class-wp-background-process-astra.php(41): Elementor\TemplateLibrary\Astra_Sites_Batch_Processing_Elementor->import()
#3 C:\xampp\htdocs\bcom\wp-content\plugins\woocommerce\includes\libraries\wp-background-process.php(301): WP_Background_Process_Astra->task(Object(Elementor\TemplateLibrary\Astra_Sites_Batch_Processing_Elementor))
#4 C:\xampp\htdocs\bcom\wp-content\plugins\woocommerce\includes\libraries\wp-background-process.php(447): WP_Background_Process->handle()
#5 C:\xampp\htdocs\bcom\wp-includes\class-wp-hook.php(307): WP_Background_Process->handle_cron_healthcheck()
#6 C:\xampp\htdocs\bcom\wp-includes\class-wp-hook.php(331): WP_Hook->apply_filters('', Array)
#7 C:\xampp\htdocs\bcom\wp-includes\plugin.php(522): WP_Hook->do_action(Array)
#8 C:\xampp\htdocs\bcom\wp-cron.php(138): do_action_ref_array('wp_image_proces...', Array)
#9 {main}
  thrown dans C:\xampp\htdocs\bcom\wp-content\plugins\elementor\core\base\document.php à la ligne 878

2022-05-10T12:50:33+00:00 CRITICAL Uncaught Exception: Invalid data: {"data":["Array","Array"],"element":"Array"} in C:\xampp\htdocs\bcom\wp-content\plugins\elementor\core\base\document.php:878
Stack trace:
#0 C:\xampp\htdocs\bcom\wp-content\plugins\astra-sites\inc\importers\batch-processing\class-astra-sites-batch-processing-elementor.php(122): Elementor\Core\Base\Document->get_elements_raw_data(Array, true)
#1 C:\xampp\htdocs\bcom\wp-content\plugins\astra-sites\inc\importers\batch-processing\class-astra-sites-batch-processing-elementor.php(66): Elementor\TemplateLibrary\Astra_Sites_Batch_Processing_Elementor->import_single_post(8)
#2 C:\xampp\htdocs\bcom\wp-content\plugins\astra-sites\inc\importers\batch-processing\helpers\class-wp-background-process-astra.php(41): Elementor\TemplateLibrary\Astra_Sites_Batch_Processing_Elementor->import()
#3 C:\xampp\htdocs\bcom\wp-content\plugins\woocommerce\includes\libraries\wp-background-process.php(301): WP_Background_Process_Astra->task(Object(Elementor\TemplateLibrary\Astra_Sites_Batch_Processing_Elementor))
#4 C:\xampp\htdocs\bcom\wp-content\plugins\woocommerce\includes\libraries\wp-background-process.php(447): WP_Background_Process->handle()
#5 C:\xampp\htdocs\bcom\wp-includes\class-wp-hook.php(307): WP_Background_Process->handle_cron_healthcheck()
#6 C:\xampp\htdocs\bcom\wp-includes\class-wp-hook.php(331): WP_Hook->apply_filters('', Array)
#7 C:\xampp\htdocs\bcom\wp-includes\plugin.php(522): WP_Hook->do_action(Array)
#8 C:\xampp\htdocs\bcom\wp-cron.php(138): do_action_ref_array('wp_image_proces...', Array)
#9 {main}
  thrown dans C:\xampp\htdocs\bcom\wp-content\plugins\elementor\core\base\document.php à la ligne 878

2022-05-10T12:59:50+00:00 CRITICAL Uncaught Exception: Invalid data: {"data":["Array","Array"],"element":"Array"} in C:\xampp\htdocs\bcom\wp-content\plugins\elementor\core\base\document.php:878
Stack trace:
#0 C:\xampp\htdocs\bcom\wp-content\plugins\astra-sites\inc\importers\batch-processing\class-astra-sites-batch-processing-elementor.php(122): Elementor\Core\Base\Document->get_elements_raw_data(Array, true)
#1 C:\xampp\htdocs\bcom\wp-content\plugins\astra-sites\inc\importers\batch-processing\class-astra-sites-batch-processing-elementor.php(66): Elementor\TemplateLibrary\Astra_Sites_Batch_Processing_Elementor->import_single_post(8)
#2 C:\xampp\htdocs\bcom\wp-content\plugins\astra-sites\inc\importers\batch-processing\helpers\class-wp-background-process-astra.php(41): Elementor\TemplateLibrary\Astra_Sites_Batch_Processing_Elementor->import()
#3 C:\xampp\htdocs\bcom\wp-content\plugins\woocommerce\includes\libraries\wp-background-process.php(301): WP_Background_Process_Astra->task(Object(Elementor\TemplateLibrary\Astra_Sites_Batch_Processing_Elementor))
#4 C:\xampp\htdocs\bcom\wp-content\plugins\woocommerce\includes\libraries\wp-background-process.php(447): WP_Background_Process->handle()
#5 C:\xampp\htdocs\bcom\wp-includes\class-wp-hook.php(307): WP_Background_Process->handle_cron_healthcheck()
#6 C:\xampp\htdocs\bcom\wp-includes\class-wp-hook.php(331): WP_Hook->apply_filters('', Array)
#7 C:\xampp\htdocs\bcom\wp-includes\plugin.php(522): WP_Hook->do_action(Array)
#8 C:\xampp\htdocs\bcom\wp-cron.php(138): do_action_ref_array('wp_image_proces...', Array)
#9 {main}
  thrown dans C:\xampp\htdocs\bcom\wp-content\plugins\elementor\core\base\document.php à la ligne 878

2022-05-10T13:01:42+00:00 CRITICAL Uncaught Exception: Invalid data: {"data":["Array","Array"],"element":"Array"} in C:\xampp\htdocs\bcom\wp-content\plugins\elementor\core\base\document.php:878
Stack trace:
#0 C:\xampp\htdocs\bcom\wp-content\plugins\astra-sites\inc\importers\batch-processing\class-astra-sites-batch-processing-elementor.php(122): Elementor\Core\Base\Document->get_elements_raw_data(Array, true)
#1 C:\xampp\htdocs\bcom\wp-content\plugins\astra-sites\inc\importers\batch-processing\class-astra-sites-batch-processing-elementor.php(66): Elementor\TemplateLibrary\Astra_Sites_Batch_Processing_Elementor->import_single_post(8)
#2 C:\xampp\htdocs\bcom\wp-content\plugins\astra-sites\inc\importers\batch-processing\helpers\class-wp-background-process-astra.php(41): Elementor\TemplateLibrary\Astra_Sites_Batch_Processing_Elementor->import()
#3 C:\xampp\htdocs\bcom\wp-content\plugins\woocommerce\includes\libraries\wp-background-process.php(301): WP_Background_Process_Astra->task(Object(Elementor\TemplateLibrary\Astra_Sites_Batch_Processing_Elementor))
#4 C:\xampp\htdocs\bcom\wp-content\plugins\woocommerce\includes\libraries\wp-background-process.php(447): WP_Background_Process->handle()
#5 C:\xampp\htdocs\bcom\wp-includes\class-wp-hook.php(307): WP_Background_Process->handle_cron_healthcheck()
#6 C:\xampp\htdocs\bcom\wp-includes\class-wp-hook.php(331): WP_Hook->apply_filters('', Array)
#7 C:\xampp\htdocs\bcom\wp-includes\plugin.php(522): WP_Hook->do_action(Array)
#8 C:\xampp\htdocs\bcom\wp-cron.php(138): do_action_ref_array('wp_image_proces...', Array)
#9 {main}
  thrown dans C:\xampp\htdocs\bcom\wp-content\plugins\elementor\core\base\document.php à la ligne 878

2022-05-10T13:05:45+00:00 CRITICAL Uncaught Exception: Invalid data: {"data":["Array","Array"],"element":"Array"} in C:\xampp\htdocs\bcom\wp-content\plugins\elementor\core\base\document.php:878
Stack trace:
#0 C:\xampp\htdocs\bcom\wp-content\plugins\astra-sites\inc\importers\batch-processing\class-astra-sites-batch-processing-elementor.php(122): Elementor\Core\Base\Document->get_elements_raw_data(Array, true)
#1 C:\xampp\htdocs\bcom\wp-content\plugins\astra-sites\inc\importers\batch-processing\class-astra-sites-batch-processing-elementor.php(66): Elementor\TemplateLibrary\Astra_Sites_Batch_Processing_Elementor->import_single_post(8)
#2 C:\xampp\htdocs\bcom\wp-content\plugins\astra-sites\inc\importers\batch-processing\helpers\class-wp-background-process-astra.php(41): Elementor\TemplateLibrary\Astra_Sites_Batch_Processing_Elementor->import()
#3 C:\xampp\htdocs\bcom\wp-content\plugins\woocommerce\includes\libraries\wp-background-process.php(301): WP_Background_Process_Astra->task(Object(Elementor\TemplateLibrary\Astra_Sites_Batch_Processing_Elementor))
#4 C:\xampp\htdocs\bcom\wp-content\plugins\woocommerce\includes\libraries\wp-background-process.php(447): WP_Background_Process->handle()
#5 C:\xampp\htdocs\bcom\wp-includes\class-wp-hook.php(307): WP_Background_Process->handle_cron_healthcheck()
#6 C:\xampp\htdocs\bcom\wp-includes\class-wp-hook.php(331): WP_Hook->apply_filters('', Array)
#7 C:\xampp\htdocs\bcom\wp-includes\plugin.php(522): WP_Hook->do_action(Array)
#8 C:\xampp\htdocs\bcom\wp-cron.php(138): do_action_ref_array('wp_image_proces...', Array)
#9 {main}
  thrown dans C:\xampp\htdocs\bcom\wp-content\plugins\elementor\core\base\document.php à la ligne 878

2022-05-10T13:10:24+00:00 CRITICAL Uncaught Exception: Invalid data: {"data":["Array","Array"],"element":"Array"} in C:\xampp\htdocs\bcom\wp-content\plugins\elementor\core\base\document.php:878
Stack trace:
#0 C:\xampp\htdocs\bcom\wp-content\plugins\astra-sites\inc\importers\batch-processing\class-astra-sites-batch-processing-elementor.php(122): Elementor\Core\Base\Document->get_elements_raw_data(Array, true)
#1 C:\xampp\htdocs\bcom\wp-content\plugins\astra-sites\inc\importers\batch-processing\class-astra-sites-batch-processing-elementor.php(66): Elementor\TemplateLibrary\Astra_Sites_Batch_Processing_Elementor->import_single_post(8)
#2 C:\xampp\htdocs\bcom\wp-content\plugins\astra-sites\inc\importers\batch-processing\helpers\class-wp-background-process-astra.php(41): Elementor\TemplateLibrary\Astra_Sites_Batch_Processing_Elementor->import()
#3 C:\xampp\htdocs\bcom\wp-content\plugins\woocommerce\includes\libraries\wp-background-process.php(301): WP_Background_Process_Astra->task(Object(Elementor\TemplateLibrary\Astra_Sites_Batch_Processing_Elementor))
#4 C:\xampp\htdocs\bcom\wp-content\plugins\woocommerce\includes\libraries\wp-background-process.php(447): WP_Background_Process->handle()
#5 C:\xampp\htdocs\bcom\wp-includes\class-wp-hook.php(307): WP_Background_Process->handle_cron_healthcheck()
#6 C:\xampp\htdocs\bcom\wp-includes\class-wp-hook.php(331): WP_Hook->apply_filters('', Array)
#7 C:\xampp\htdocs\bcom\wp-includes\plugin.php(522): WP_Hook->do_action(Array)
#8 C:\xampp\htdocs\bcom\wp-cron.php(138): do_action_ref_array('wp_image_proces...', Array)
#9 {main}
  thrown dans C:\xampp\htdocs\bcom\wp-content\plugins\elementor\core\base\document.php à la ligne 878

2022-05-10T13:15:27+00:00 CRITICAL Uncaught Exception: Invalid data: {"data":["Array","Array"],"element":"Array"} in C:\xampp\htdocs\bcom\wp-content\plugins\elementor\core\base\document.php:878
Stack trace:
#0 C:\xampp\htdocs\bcom\wp-content\plugins\astra-sites\inc\importers\batch-processing\class-astra-sites-batch-processing-elementor.php(122): Elementor\Core\Base\Document->get_elements_raw_data(Array, true)
#1 C:\xampp\htdocs\bcom\wp-content\plugins\astra-sites\inc\importers\batch-processing\class-astra-sites-batch-processing-elementor.php(66): Elementor\TemplateLibrary\Astra_Sites_Batch_Processing_Elementor->import_single_post(8)
#2 C:\xampp\htdocs\bcom\wp-content\plugins\astra-sites\inc\importers\batch-processing\helpers\class-wp-background-process-astra.php(41): Elementor\TemplateLibrary\Astra_Sites_Batch_Processing_Elementor->import()
#3 C:\xampp\htdocs\bcom\wp-content\plugins\woocommerce\includes\libraries\wp-background-process.php(301): WP_Background_Process_Astra->task(Object(Elementor\TemplateLibrary\Astra_Sites_Batch_Processing_Elementor))
#4 C:\xampp\htdocs\bcom\wp-content\plugins\woocommerce\includes\libraries\wp-background-process.php(447): WP_Background_Process->handle()
#5 C:\xampp\htdocs\bcom\wp-includes\class-wp-hook.php(307): WP_Background_Process->handle_cron_healthcheck()
#6 C:\xampp\htdocs\bcom\wp-includes\class-wp-hook.php(331): WP_Hook->apply_filters('', Array)
#7 C:\xampp\htdocs\bcom\wp-includes\plugin.php(522): WP_Hook->do_action(Array)
#8 C:\xampp\htdocs\bcom\wp-cron.php(138): do_action_ref_array('wp_image_proces...', Array)
#9 {main}
  thrown dans C:\xampp\htdocs\bcom\wp-content\plugins\elementor\core\base\document.php à la ligne 878

2022-05-10T13:20:26+00:00 CRITICAL Uncaught Exception: Invalid data: {"data":["Array","Array"],"element":"Array"} in C:\xampp\htdocs\bcom\wp-content\plugins\elementor\core\base\document.php:878
Stack trace:
#0 C:\xampp\htdocs\bcom\wp-content\plugins\astra-sites\inc\importers\batch-processing\class-astra-sites-batch-processing-elementor.php(122): Elementor\Core\Base\Document->get_elements_raw_data(Array, true)
#1 C:\xampp\htdocs\bcom\wp-content\plugins\astra-sites\inc\importers\batch-processing\class-astra-sites-batch-processing-elementor.php(66): Elementor\TemplateLibrary\Astra_Sites_Batch_Processing_Elementor->import_single_post(8)
#2 C:\xampp\htdocs\bcom\wp-content\plugins\astra-sites\inc\importers\batch-processing\helpers\class-wp-background-process-astra.php(41): Elementor\TemplateLibrary\Astra_Sites_Batch_Processing_Elementor->import()
#3 C:\xampp\htdocs\bcom\wp-content\plugins\woocommerce\includes\libraries\wp-background-process.php(301): WP_Background_Process_Astra->task(Object(Elementor\TemplateLibrary\Astra_Sites_Batch_Processing_Elementor))
#4 C:\xampp\htdocs\bcom\wp-content\plugins\woocommerce\includes\libraries\wp-background-process.php(447): WP_Background_Process->handle()
#5 C:\xampp\htdocs\bcom\wp-includes\class-wp-hook.php(307): WP_Background_Process->handle_cron_healthcheck()
#6 C:\xampp\htdocs\bcom\wp-includes\class-wp-hook.php(331): WP_Hook->apply_filters('', Array)
#7 C:\xampp\htdocs\bcom\wp-includes\plugin.php(522): WP_Hook->do_action(Array)
#8 C:\xampp\htdocs\bcom\wp-cron.php(138): do_action_ref_array('wp_image_proces...', Array)
#9 {main}
  thrown dans C:\xampp\htdocs\bcom\wp-content\plugins\elementor\core\base\document.php à la ligne 878

2022-05-10T13:26:29+00:00 CRITICAL Uncaught Exception: Invalid data: {"data":["Array","Array"],"element":"Array"} in C:\xampp\htdocs\bcom\wp-content\plugins\elementor\core\base\document.php:878
Stack trace:
#0 C:\xampp\htdocs\bcom\wp-content\plugins\astra-sites\inc\importers\batch-processing\class-astra-sites-batch-processing-elementor.php(122): Elementor\Core\Base\Document->get_elements_raw_data(Array, true)
#1 C:\xampp\htdocs\bcom\wp-content\plugins\astra-sites\inc\importers\batch-processing\class-astra-sites-batch-processing-elementor.php(66): Elementor\TemplateLibrary\Astra_Sites_Batch_Processing_Elementor->import_single_post(8)
#2 C:\xampp\htdocs\bcom\wp-content\plugins\astra-sites\inc\importers\batch-processing\helpers\class-wp-background-process-astra.php(41): Elementor\TemplateLibrary\Astra_Sites_Batch_Processing_Elementor->import()
#3 C:\xampp\htdocs\bcom\wp-content\plugins\woocommerce\includes\libraries\wp-background-process.php(301): WP_Background_Process_Astra->task(Object(Elementor\TemplateLibrary\Astra_Sites_Batch_Processing_Elementor))
#4 C:\xampp\htdocs\bcom\wp-content\plugins\woocommerce\includes\libraries\wp-background-process.php(447): WP_Background_Process->handle()
#5 C:\xampp\htdocs\bcom\wp-includes\class-wp-hook.php(307): WP_Background_Process->handle_cron_healthcheck()
#6 C:\xampp\htdocs\bcom\wp-includes\class-wp-hook.php(331): WP_Hook->apply_filters('', Array)
#7 C:\xampp\htdocs\bcom\wp-includes\plugin.php(522): WP_Hook->do_action(Array)
#8 C:\xampp\htdocs\bcom\wp-cron.php(138): do_action_ref_array('wp_image_proces...', Array)
#9 {main}
  thrown dans C:\xampp\htdocs\bcom\wp-content\plugins\elementor\core\base\document.php à la ligne 878

2022-05-10T13:30:20+00:00 CRITICAL Uncaught Exception: Invalid data: {"data":["Array","Array"],"element":"Array"} in C:\xampp\htdocs\bcom\wp-content\plugins\elementor\core\base\document.php:878
Stack trace:
#0 C:\xampp\htdocs\bcom\wp-content\plugins\astra-sites\inc\importers\batch-processing\class-astra-sites-batch-processing-elementor.php(122): Elementor\Core\Base\Document->get_elements_raw_data(Array, true)
#1 C:\xampp\htdocs\bcom\wp-content\plugins\astra-sites\inc\importers\batch-processing\class-astra-sites-batch-processing-elementor.php(66): Elementor\TemplateLibrary\Astra_Sites_Batch_Processing_Elementor->import_single_post(8)
#2 C:\xampp\htdocs\bcom\wp-content\plugins\astra-sites\inc\importers\batch-processing\helpers\class-wp-background-process-astra.php(41): Elementor\TemplateLibrary\Astra_Sites_Batch_Processing_Elementor->import()
#3 C:\xampp\htdocs\bcom\wp-content\plugins\woocommerce\includes\libraries\wp-background-process.php(301): WP_Background_Process_Astra->task(Object(Elementor\TemplateLibrary\Astra_Sites_Batch_Processing_Elementor))
#4 C:\xampp\htdocs\bcom\wp-content\plugins\woocommerce\includes\libraries\wp-background-process.php(447): WP_Background_Process->handle()
#5 C:\xampp\htdocs\bcom\wp-includes\class-wp-hook.php(307): WP_Background_Process->handle_cron_healthcheck()
#6 C:\xampp\htdocs\bcom\wp-includes\class-wp-hook.php(331): WP_Hook->apply_filters('', Array)
#7 C:\xampp\htdocs\bcom\wp-includes\plugin.php(522): WP_Hook->do_action(Array)
#8 C:\xampp\htdocs\bcom\wp-cron.php(138): do_action_ref_array('wp_image_proces...', Array)
#9 {main}
  thrown dans C:\xampp\htdocs\bcom\wp-content\plugins\elementor\core\base\document.php à la ligne 878

2022-05-10T13:35:22+00:00 CRITICAL Uncaught Exception: Invalid data: {"data":["Array","Array"],"element":"Array"} in C:\xampp\htdocs\bcom\wp-content\plugins\elementor\core\base\document.php:878
Stack trace:
#0 C:\xampp\htdocs\bcom\wp-content\plugins\astra-sites\inc\importers\batch-processing\class-astra-sites-batch-processing-elementor.php(122): Elementor\Core\Base\Document->get_elements_raw_data(Array, true)
#1 C:\xampp\htdocs\bcom\wp-content\plugins\astra-sites\inc\importers\batch-processing\class-astra-sites-batch-processing-elementor.php(66): Elementor\TemplateLibrary\Astra_Sites_Batch_Processing_Elementor->import_single_post(8)
#2 C:\xampp\htdocs\bcom\wp-content\plugins\astra-sites\inc\importers\batch-processing\helpers\class-wp-background-process-astra.php(41): Elementor\TemplateLibrary\Astra_Sites_Batch_Processing_Elementor->import()
#3 C:\xampp\htdocs\bcom\wp-content\plugins\woocommerce\includes\libraries\wp-background-process.php(301): WP_Background_Process_Astra->task(Object(Elementor\TemplateLibrary\Astra_Sites_Batch_Processing_Elementor))
#4 C:\xampp\htdocs\bcom\wp-content\plugins\woocommerce\includes\libraries\wp-background-process.php(447): WP_Background_Process->handle()
#5 C:\xampp\htdocs\bcom\wp-includes\class-wp-hook.php(307): WP_Background_Process->handle_cron_healthcheck()
#6 C:\xampp\htdocs\bcom\wp-includes\class-wp-hook.php(331): WP_Hook->apply_filters('', Array)
#7 C:\xampp\htdocs\bcom\wp-includes\plugin.php(522): WP_Hook->do_action(Array)
#8 C:\xampp\htdocs\bcom\wp-cron.php(138): do_action_ref_array('wp_image_proces...', Array)
#9 {main}
  thrown dans C:\xampp\htdocs\bcom\wp-content\plugins\elementor\core\base\document.php à la ligne 878

2022-05-10T13:40:30+00:00 CRITICAL Uncaught Exception: Invalid data: {"data":["Array","Array"],"element":"Array"} in C:\xampp\htdocs\bcom\wp-content\plugins\elementor\core\base\document.php:878
Stack trace:
#0 C:\xampp\htdocs\bcom\wp-content\plugins\astra-sites\inc\importers\batch-processing\class-astra-sites-batch-processing-elementor.php(122): Elementor\Core\Base\Document->get_elements_raw_data(Array, true)
#1 C:\xampp\htdocs\bcom\wp-content\plugins\astra-sites\inc\importers\batch-processing\class-astra-sites-batch-processing-elementor.php(66): Elementor\TemplateLibrary\Astra_Sites_Batch_Processing_Elementor->import_single_post(8)
#2 C:\xampp\htdocs\bcom\wp-content\plugins\astra-sites\inc\importers\batch-processing\helpers\class-wp-background-process-astra.php(41): Elementor\TemplateLibrary\Astra_Sites_Batch_Processing_Elementor->import()
#3 C:\xampp\htdocs\bcom\wp-content\plugins\woocommerce\includes\libraries\wp-background-process.php(301): WP_Background_Process_Astra->task(Object(Elementor\TemplateLibrary\Astra_Sites_Batch_Processing_Elementor))
#4 C:\xampp\htdocs\bcom\wp-content\plugins\woocommerce\includes\libraries\wp-background-process.php(447): WP_Background_Process->handle()
#5 C:\xampp\htdocs\bcom\wp-includes\class-wp-hook.php(307): WP_Background_Process->handle_cron_healthcheck()
#6 C:\xampp\htdocs\bcom\wp-includes\class-wp-hook.php(331): WP_Hook->apply_filters('', Array)
#7 C:\xampp\htdocs\bcom\wp-includes\plugin.php(522): WP_Hook->do_action(Array)
#8 C:\xampp\htdocs\bcom\wp-cron.php(138): do_action_ref_array('wp_image_proces...', Array)
#9 {main}
  thrown dans C:\xampp\htdocs\bcom\wp-content\plugins\elementor\core\base\document.php à la ligne 878

2022-05-10T13:45:23+00:00 CRITICAL Uncaught Exception: Invalid data: {"data":["Array","Array"],"element":"Array"} in C:\xampp\htdocs\bcom\wp-content\plugins\elementor\core\base\document.php:878
Stack trace:
#0 C:\xampp\htdocs\bcom\wp-content\plugins\astra-sites\inc\importers\batch-processing\class-astra-sites-batch-processing-elementor.php(122): Elementor\Core\Base\Document->get_elements_raw_data(Array, true)
#1 C:\xampp\htdocs\bcom\wp-content\plugins\astra-sites\inc\importers\batch-processing\class-astra-sites-batch-processing-elementor.php(66): Elementor\TemplateLibrary\Astra_Sites_Batch_Processing_Elementor->import_single_post(8)
#2 C:\xampp\htdocs\bcom\wp-content\plugins\astra-sites\inc\importers\batch-processing\helpers\class-wp-background-process-astra.php(41): Elementor\TemplateLibrary\Astra_Sites_Batch_Processing_Elementor->import()
#3 C:\xampp\htdocs\bcom\wp-content\plugins\woocommerce\includes\libraries\wp-background-process.php(301): WP_Background_Process_Astra->task(Object(Elementor\TemplateLibrary\Astra_Sites_Batch_Processing_Elementor))
#4 C:\xampp\htdocs\bcom\wp-content\plugins\woocommerce\includes\libraries\wp-background-process.php(447): WP_Background_Process->handle()
#5 C:\xampp\htdocs\bcom\wp-includes\class-wp-hook.php(307): WP_Background_Process->handle_cron_healthcheck()
#6 C:\xampp\htdocs\bcom\wp-includes\class-wp-hook.php(331): WP_Hook->apply_filters('', Array)
#7 C:\xampp\htdocs\bcom\wp-includes\plugin.php(522): WP_Hook->do_action(Array)
#8 C:\xampp\htdocs\bcom\wp-cron.php(138): do_action_ref_array('wp_image_proces...', Array)
#9 {main}
  thrown dans C:\xampp\htdocs\bcom\wp-content\plugins\elementor\core\base\document.php à la ligne 878

2022-05-10T13:51:28+00:00 CRITICAL Uncaught Exception: Invalid data: {"data":["Array","Array"],"element":"Array"} in C:\xampp\htdocs\bcom\wp-content\plugins\elementor\core\base\document.php:878
Stack trace:
#0 C:\xampp\htdocs\bcom\wp-content\plugins\astra-sites\inc\importers\batch-processing\class-astra-sites-batch-processing-elementor.php(122): Elementor\Core\Base\Document->get_elements_raw_data(Array, true)
#1 C:\xampp\htdocs\bcom\wp-content\plugins\astra-sites\inc\importers\batch-processing\class-astra-sites-batch-processing-elementor.php(66): Elementor\TemplateLibrary\Astra_Sites_Batch_Processing_Elementor->import_single_post(8)
#2 C:\xampp\htdocs\bcom\wp-content\plugins\astra-sites\inc\importers\batch-processing\helpers\class-wp-background-process-astra.php(41): Elementor\TemplateLibrary\Astra_Sites_Batch_Processing_Elementor->import()
#3 C:\xampp\htdocs\bcom\wp-content\plugins\woocommerce\includes\libraries\wp-background-process.php(301): WP_Background_Process_Astra->task(Object(Elementor\TemplateLibrary\Astra_Sites_Batch_Processing_Elementor))
#4 C:\xampp\htdocs\bcom\wp-content\plugins\woocommerce\includes\libraries\wp-background-process.php(447): WP_Background_Process->handle()
#5 C:\xampp\htdocs\bcom\wp-includes\class-wp-hook.php(307): WP_Background_Process->handle_cron_healthcheck()
#6 C:\xampp\htdocs\bcom\wp-includes\class-wp-hook.php(331): WP_Hook->apply_filters('', Array)
#7 C:\xampp\htdocs\bcom\wp-includes\plugin.php(522): WP_Hook->do_action(Array)
#8 C:\xampp\htdocs\bcom\wp-cron.php(138): do_action_ref_array('wp_image_proces...', Array)
#9 {main}
  thrown dans C:\xampp\htdocs\bcom\wp-content\plugins\elementor\core\base\document.php à la ligne 878

2022-05-10T13:55:27+00:00 CRITICAL Uncaught Exception: Invalid data: {"data":["Array","Array"],"element":"Array"} in C:\xampp\htdocs\bcom\wp-content\plugins\elementor\core\base\document.php:878
Stack trace:
#0 C:\xampp\htdocs\bcom\wp-content\plugins\astra-sites\inc\importers\batch-processing\class-astra-sites-batch-processing-elementor.php(122): Elementor\Core\Base\Document->get_elements_raw_data(Array, true)
#1 C:\xampp\htdocs\bcom\wp-content\plugins\astra-sites\inc\importers\batch-processing\class-astra-sites-batch-processing-elementor.php(66): Elementor\TemplateLibrary\Astra_Sites_Batch_Processing_Elementor->import_single_post(8)
#2 C:\xampp\htdocs\bcom\wp-content\plugins\astra-sites\inc\importers\batch-processing\helpers\class-wp-background-process-astra.php(41): Elementor\TemplateLibrary\Astra_Sites_Batch_Processing_Elementor->import()
#3 C:\xampp\htdocs\bcom\wp-content\plugins\woocommerce\includes\libraries\wp-background-process.php(301): WP_Background_Process_Astra->task(Object(Elementor\TemplateLibrary\Astra_Sites_Batch_Processing_Elementor))
#4 C:\xampp\htdocs\bcom\wp-content\plugins\woocommerce\includes\libraries\wp-background-process.php(447): WP_Background_Process->handle()
#5 C:\xampp\htdocs\bcom\wp-includes\class-wp-hook.php(307): WP_Background_Process->handle_cron_healthcheck()
#6 C:\xampp\htdocs\bcom\wp-includes\class-wp-hook.php(331): WP_Hook->apply_filters('', Array)
#7 C:\xampp\htdocs\bcom\wp-includes\plugin.php(522): WP_Hook->do_action(Array)
#8 C:\xampp\htdocs\bcom\wp-cron.php(138): do_action_ref_array('wp_image_proces...', Array)
#9 {main}
  thrown dans C:\xampp\htdocs\bcom\wp-content\plugins\elementor\core\base\document.php à la ligne 878

2022-05-10T14:01:21+00:00 CRITICAL Uncaught Exception: Invalid data: {"data":["Array","Array"],"element":"Array"} in C:\xampp\htdocs\bcom\wp-content\plugins\elementor\core\base\document.php:878
Stack trace:
#0 C:\xampp\htdocs\bcom\wp-content\plugins\astra-sites\inc\importers\batch-processing\class-astra-sites-batch-processing-elementor.php(122): Elementor\Core\Base\Document->get_elements_raw_data(Array, true)
#1 C:\xampp\htdocs\bcom\wp-content\plugins\astra-sites\inc\importers\batch-processing\class-astra-sites-batch-processing-elementor.php(66): Elementor\TemplateLibrary\Astra_Sites_Batch_Processing_Elementor->import_single_post(8)
#2 C:\xampp\htdocs\bcom\wp-content\plugins\astra-sites\inc\importers\batch-processing\helpers\class-wp-background-process-astra.php(41): Elementor\TemplateLibrary\Astra_Sites_Batch_Processing_Elementor->import()
#3 C:\xampp\htdocs\bcom\wp-content\plugins\woocommerce\includes\libraries\wp-background-process.php(301): WP_Background_Process_Astra->task(Object(Elementor\TemplateLibrary\Astra_Sites_Batch_Processing_Elementor))
#4 C:\xampp\htdocs\bcom\wp-content\plugins\woocommerce\includes\libraries\wp-background-process.php(447): WP_Background_Process->handle()
#5 C:\xampp\htdocs\bcom\wp-includes\class-wp-hook.php(307): WP_Background_Process->handle_cron_healthcheck()
#6 C:\xampp\htdocs\bcom\wp-includes\class-wp-hook.php(331): WP_Hook->apply_filters('', Array)
#7 C:\xampp\htdocs\bcom\wp-includes\plugin.php(522): WP_Hook->do_action(Array)
#8 C:\xampp\htdocs\bcom\wp-cron.php(138): do_action_ref_array('wp_image_proces...', Array)
#9 {main}
  thrown dans C:\xampp\htdocs\bcom\wp-content\plugins\elementor\core\base\document.php à la ligne 878

2022-05-10T14:05:32+00:00 CRITICAL Uncaught Exception: Invalid data: {"data":["Array","Array"],"element":"Array"} in C:\xampp\htdocs\bcom\wp-content\plugins\elementor\core\base\document.php:878
Stack trace:
#0 C:\xampp\htdocs\bcom\wp-content\plugins\astra-sites\inc\importers\batch-processing\class-astra-sites-batch-processing-elementor.php(122): Elementor\Core\Base\Document->get_elements_raw_data(Array, true)
#1 C:\xampp\htdocs\bcom\wp-content\plugins\astra-sites\inc\importers\batch-processing\class-astra-sites-batch-processing-elementor.php(66): Elementor\TemplateLibrary\Astra_Sites_Batch_Processing_Elementor->import_single_post(8)
#2 C:\xampp\htdocs\bcom\wp-content\plugins\astra-sites\inc\importers\batch-processing\helpers\class-wp-background-process-astra.php(41): Elementor\TemplateLibrary\Astra_Sites_Batch_Processing_Elementor->import()
#3 C:\xampp\htdocs\bcom\wp-content\plugins\woocommerce\includes\libraries\wp-background-process.php(301): WP_Background_Process_Astra->task(Object(Elementor\TemplateLibrary\Astra_Sites_Batch_Processing_Elementor))
#4 C:\xampp\htdocs\bcom\wp-content\plugins\woocommerce\includes\libraries\wp-background-process.php(447): WP_Background_Process->handle()
#5 C:\xampp\htdocs\bcom\wp-includes\class-wp-hook.php(307): WP_Background_Process->handle_cron_healthcheck()
#6 C:\xampp\htdocs\bcom\wp-includes\class-wp-hook.php(331): WP_Hook->apply_filters('', Array)
#7 C:\xampp\htdocs\bcom\wp-includes\plugin.php(522): WP_Hook->do_action(Array)
#8 C:\xampp\htdocs\bcom\wp-cron.php(138): do_action_ref_array('wp_image_proces...', Array)
#9 {main}
  thrown dans C:\xampp\htdocs\bcom\wp-content\plugins\elementor\core\base\document.php à la ligne 878

2022-05-10T14:10:19+00:00 CRITICAL Uncaught Exception: Invalid data: {"data":["Array","Array"],"element":"Array"} in C:\xampp\htdocs\bcom\wp-content\plugins\elementor\core\base\document.php:878
Stack trace:
#0 C:\xampp\htdocs\bcom\wp-content\plugins\astra-sites\inc\importers\batch-processing\class-astra-sites-batch-processing-elementor.php(122): Elementor\Core\Base\Document->get_elements_raw_data(Array, true)
#1 C:\xampp\htdocs\bcom\wp-content\plugins\astra-sites\inc\importers\batch-processing\class-astra-sites-batch-processing-elementor.php(66): Elementor\TemplateLibrary\Astra_Sites_Batch_Processing_Elementor->import_single_post(8)
#2 C:\xampp\htdocs\bcom\wp-content\plugins\astra-sites\inc\importers\batch-processing\helpers\class-wp-background-process-astra.php(41): Elementor\TemplateLibrary\Astra_Sites_Batch_Processing_Elementor->import()
#3 C:\xampp\htdocs\bcom\wp-content\plugins\woocommerce\includes\libraries\wp-background-process.php(301): WP_Background_Process_Astra->task(Object(Elementor\TemplateLibrary\Astra_Sites_Batch_Processing_Elementor))
#4 C:\xampp\htdocs\bcom\wp-content\plugins\woocommerce\includes\libraries\wp-background-process.php(447): WP_Background_Process->handle()
#5 C:\xampp\htdocs\bcom\wp-includes\class-wp-hook.php(307): WP_Background_Process->handle_cron_healthcheck()
#6 C:\xampp\htdocs\bcom\wp-includes\class-wp-hook.php(331): WP_Hook->apply_filters('', Array)
#7 C:\xampp\htdocs\bcom\wp-includes\plugin.php(522): WP_Hook->do_action(Array)
#8 C:\xampp\htdocs\bcom\wp-cron.php(138): do_action_ref_array('wp_image_proces...', Array)
#9 {main}
  thrown dans C:\xampp\htdocs\bcom\wp-content\plugins\elementor\core\base\document.php à la ligne 878

2022-05-10T14:15:27+00:00 CRITICAL Uncaught Exception: Invalid data: {"data":["Array","Array"],"element":"Array"} in C:\xampp\htdocs\bcom\wp-content\plugins\elementor\core\base\document.php:878
Stack trace:
#0 C:\xampp\htdocs\bcom\wp-content\plugins\astra-sites\inc\importers\batch-processing\class-astra-sites-batch-processing-elementor.php(122): Elementor\Core\Base\Document->get_elements_raw_data(Array, true)
#1 C:\xampp\htdocs\bcom\wp-content\plugins\astra-sites\inc\importers\batch-processing\class-astra-sites-batch-processing-elementor.php(66): Elementor\TemplateLibrary\Astra_Sites_Batch_Processing_Elementor->import_single_post(8)
#2 C:\xampp\htdocs\bcom\wp-content\plugins\astra-sites\inc\importers\batch-processing\helpers\class-wp-background-process-astra.php(41): Elementor\TemplateLibrary\Astra_Sites_Batch_Processing_Elementor->import()
#3 C:\xampp\htdocs\bcom\wp-content\plugins\woocommerce\includes\libraries\wp-background-process.php(301): WP_Background_Process_Astra->task(Object(Elementor\TemplateLibrary\Astra_Sites_Batch_Processing_Elementor))
#4 C:\xampp\htdocs\bcom\wp-content\plugins\woocommerce\includes\libraries\wp-background-process.php(447): WP_Background_Process->handle()
#5 C:\xampp\htdocs\bcom\wp-includes\class-wp-hook.php(307): WP_Background_Process->handle_cron_healthcheck()
#6 C:\xampp\htdocs\bcom\wp-includes\class-wp-hook.php(331): WP_Hook->apply_filters('', Array)
#7 C:\xampp\htdocs\bcom\wp-includes\plugin.php(522): WP_Hook->do_action(Array)
#8 C:\xampp\htdocs\bcom\wp-cron.php(138): do_action_ref_array('wp_image_proces...', Array)
#9 {main}
  thrown dans C:\xampp\htdocs\bcom\wp-content\plugins\elementor\core\base\document.php à la ligne 878

2022-05-10T14:20:28+00:00 CRITICAL Uncaught Exception: Invalid data: {"data":["Array","Array"],"element":"Array"} in C:\xampp\htdocs\bcom\wp-content\plugins\elementor\core\base\document.php:878
Stack trace:
#0 C:\xampp\htdocs\bcom\wp-content\plugins\astra-sites\inc\importers\batch-processing\class-astra-sites-batch-processing-elementor.php(122): Elementor\Core\Base\Document->get_elements_raw_data(Array, true)
#1 C:\xampp\htdocs\bcom\wp-content\plugins\astra-sites\inc\importers\batch-processing\class-astra-sites-batch-processing-elementor.php(66): Elementor\TemplateLibrary\Astra_Sites_Batch_Processing_Elementor->import_single_post(8)
#2 C:\xampp\htdocs\bcom\wp-content\plugins\astra-sites\inc\importers\batch-processing\helpers\class-wp-background-process-astra.php(41): Elementor\TemplateLibrary\Astra_Sites_Batch_Processing_Elementor->import()
#3 C:\xampp\htdocs\bcom\wp-content\plugins\woocommerce\includes\libraries\wp-background-process.php(301): WP_Background_Process_Astra->task(Object(Elementor\TemplateLibrary\Astra_Sites_Batch_Processing_Elementor))
#4 C:\xampp\htdocs\bcom\wp-content\plugins\woocommerce\includes\libraries\wp-background-process.php(447): WP_Background_Process->handle()
#5 C:\xampp\htdocs\bcom\wp-includes\class-wp-hook.php(307): WP_Background_Process->handle_cron_healthcheck()
#6 C:\xampp\htdocs\bcom\wp-includes\class-wp-hook.php(331): WP_Hook->apply_filters('', Array)
#7 C:\xampp\htdocs\bcom\wp-includes\plugin.php(522): WP_Hook->do_action(Array)
#8 C:\xampp\htdocs\bcom\wp-cron.php(138): do_action_ref_array('wp_image_proces...', Array)
#9 {main}
  thrown dans C:\xampp\htdocs\bcom\wp-content\plugins\elementor\core\base\document.php à la ligne 878

2022-05-10T14:27:22+00:00 CRITICAL Uncaught Exception: Invalid data: {"data":["Array","Array"],"element":"Array"} in C:\xampp\htdocs\bcom\wp-content\plugins\elementor\core\base\document.php:878
Stack trace:
#0 C:\xampp\htdocs\bcom\wp-content\plugins\astra-sites\inc\importers\batch-processing\class-astra-sites-batch-processing-elementor.php(122): Elementor\Core\Base\Document->get_elements_raw_data(Array, true)
#1 C:\xampp\htdocs\bcom\wp-content\plugins\astra-sites\inc\importers\batch-processing\class-astra-sites-batch-processing-elementor.php(66): Elementor\TemplateLibrary\Astra_Sites_Batch_Processing_Elementor->import_single_post(8)
#2 C:\xampp\htdocs\bcom\wp-content\plugins\astra-sites\inc\importers\batch-processing\helpers\class-wp-background-process-astra.php(41): Elementor\TemplateLibrary\Astra_Sites_Batch_Processing_Elementor->import()
#3 C:\xampp\htdocs\bcom\wp-content\plugins\woocommerce\includes\libraries\wp-background-process.php(301): WP_Background_Process_Astra->task(Object(Elementor\TemplateLibrary\Astra_Sites_Batch_Processing_Elementor))
#4 C:\xampp\htdocs\bcom\wp-content\plugins\woocommerce\includes\libraries\wp-background-process.php(447): WP_Background_Process->handle()
#5 C:\xampp\htdocs\bcom\wp-includes\class-wp-hook.php(307): WP_Background_Process->handle_cron_healthcheck()
#6 C:\xampp\htdocs\bcom\wp-includes\class-wp-hook.php(331): WP_Hook->apply_filters('', Array)
#7 C:\xampp\htdocs\bcom\wp-includes\plugin.php(522): WP_Hook->do_action(Array)
#8 C:\xampp\htdocs\bcom\wp-cron.php(138): do_action_ref_array('wp_image_proces...', Array)
#9 {main}
  thrown dans C:\xampp\htdocs\bcom\wp-content\plugins\elementor\core\base\document.php à la ligne 878

2022-05-10T14:31:16+00:00 CRITICAL Uncaught Exception: Invalid data: {"data":["Array","Array"],"element":"Array"} in C:\xampp\htdocs\bcom\wp-content\plugins\elementor\core\base\document.php:878
Stack trace:
#0 C:\xampp\htdocs\bcom\wp-content\plugins\astra-sites\inc\importers\batch-processing\class-astra-sites-batch-processing-elementor.php(122): Elementor\Core\Base\Document->get_elements_raw_data(Array, true)
#1 C:\xampp\htdocs\bcom\wp-content\plugins\astra-sites\inc\importers\batch-processing\class-astra-sites-batch-processing-elementor.php(66): Elementor\TemplateLibrary\Astra_Sites_Batch_Processing_Elementor->import_single_post(8)
#2 C:\xampp\htdocs\bcom\wp-content\plugins\astra-sites\inc\importers\batch-processing\helpers\class-wp-background-process-astra.php(41): Elementor\TemplateLibrary\Astra_Sites_Batch_Processing_Elementor->import()
#3 C:\xampp\htdocs\bcom\wp-content\plugins\woocommerce\includes\libraries\wp-background-process.php(301): WP_Background_Process_Astra->task(Object(Elementor\TemplateLibrary\Astra_Sites_Batch_Processing_Elementor))
#4 C:\xampp\htdocs\bcom\wp-content\plugins\woocommerce\includes\libraries\wp-background-process.php(447): WP_Background_Process->handle()
#5 C:\xampp\htdocs\bcom\wp-includes\class-wp-hook.php(307): WP_Background_Process->handle_cron_healthcheck()
#6 C:\xampp\htdocs\bcom\wp-includes\class-wp-hook.php(331): WP_Hook->apply_filters('', Array)
#7 C:\xampp\htdocs\bcom\wp-includes\plugin.php(522): WP_Hook->do_action(Array)
#8 C:\xampp\htdocs\bcom\wp-cron.php(138): do_action_ref_array('wp_image_proces...', Array)
#9 {main}
  thrown dans C:\xampp\htdocs\bcom\wp-content\plugins\elementor\core\base\document.php à la ligne 878

2022-05-10T14:35:38+00:00 CRITICAL Uncaught Exception: Invalid data: {"data":["Array","Array"],"element":"Array"} in C:\xampp\htdocs\bcom\wp-content\plugins\elementor\core\base\document.php:878
Stack trace:
#0 C:\xampp\htdocs\bcom\wp-content\plugins\astra-sites\inc\importers\batch-processing\class-astra-sites-batch-processing-elementor.php(122): Elementor\Core\Base\Document->get_elements_raw_data(Array, true)
#1 C:\xampp\htdocs\bcom\wp-content\plugins\astra-sites\inc\importers\batch-processing\class-astra-sites-batch-processing-elementor.php(66): Elementor\TemplateLibrary\Astra_Sites_Batch_Processing_Elementor->import_single_post(8)
#2 C:\xampp\htdocs\bcom\wp-content\plugins\astra-sites\inc\importers\batch-processing\helpers\class-wp-background-process-astra.php(41): Elementor\TemplateLibrary\Astra_Sites_Batch_Processing_Elementor->import()
#3 C:\xampp\htdocs\bcom\wp-content\plugins\woocommerce\includes\libraries\wp-background-process.php(301): WP_Background_Process_Astra->task(Object(Elementor\TemplateLibrary\Astra_Sites_Batch_Processing_Elementor))
#4 C:\xampp\htdocs\bcom\wp-content\plugins\woocommerce\includes\libraries\wp-background-process.php(447): WP_Background_Process->handle()
#5 C:\xampp\htdocs\bcom\wp-includes\class-wp-hook.php(307): WP_Background_Process->handle_cron_healthcheck()
#6 C:\xampp\htdocs\bcom\wp-includes\class-wp-hook.php(331): WP_Hook->apply_filters('', Array)
#7 C:\xampp\htdocs\bcom\wp-includes\plugin.php(522): WP_Hook->do_action(Array)
#8 C:\xampp\htdocs\bcom\wp-cron.php(138): do_action_ref_array('wp_image_proces...', Array)
#9 {main}
  thrown dans C:\xampp\htdocs\bcom\wp-content\plugins\elementor\core\base\document.php à la ligne 878

2022-05-10T15:55:51+00:00 CRITICAL Uncaught Exception: Invalid data: {"data":["Array","Array"],"element":"Array"} in C:\xampp\htdocs\bcom\wp-content\plugins\elementor\core\base\document.php:878
Stack trace:
#0 C:\xampp\htdocs\bcom\wp-content\plugins\astra-sites\inc\importers\batch-processing\class-astra-sites-batch-processing-elementor.php(122): Elementor\Core\Base\Document->get_elements_raw_data(Array, true)
#1 C:\xampp\htdocs\bcom\wp-content\plugins\astra-sites\inc\importers\batch-processing\class-astra-sites-batch-processing-elementor.php(66): Elementor\TemplateLibrary\Astra_Sites_Batch_Processing_Elementor->import_single_post(8)
#2 C:\xampp\htdocs\bcom\wp-content\plugins\astra-sites\inc\importers\batch-processing\helpers\class-wp-background-process-astra.php(41): Elementor\TemplateLibrary\Astra_Sites_Batch_Processing_Elementor->import()
#3 C:\xampp\htdocs\bcom\wp-content\plugins\woocommerce\includes\libraries\wp-background-process.php(301): WP_Background_Process_Astra->task(Object(Elementor\TemplateLibrary\Astra_Sites_Batch_Processing_Elementor))
#4 C:\xampp\htdocs\bcom\wp-content\plugins\woocommerce\includes\libraries\wp-background-process.php(447): WP_Background_Process->handle()
#5 C:\xampp\htdocs\bcom\wp-includes\class-wp-hook.php(307): WP_Background_Process->handle_cron_healthcheck()
#6 C:\xampp\htdocs\bcom\wp-includes\class-wp-hook.php(331): WP_Hook->apply_filters('', Array)
#7 C:\xampp\htdocs\bcom\wp-includes\plugin.php(522): WP_Hook->do_action(Array)
#8 C:\xampp\htdocs\bcom\wp-cron.php(138): do_action_ref_array('wp_image_proces...', Array)
#9 {main}
  thrown dans C:\xampp\htdocs\bcom\wp-content\plugins\elementor\core\base\document.php à la ligne 878

2022-05-10T16:00:28+00:00 CRITICAL Uncaught Exception: Invalid data: {"data":["Array","Array"],"element":"Array"} in C:\xampp\htdocs\bcom\wp-content\plugins\elementor\core\base\document.php:878
Stack trace:
#0 C:\xampp\htdocs\bcom\wp-content\plugins\astra-sites\inc\importers\batch-processing\class-astra-sites-batch-processing-elementor.php(122): Elementor\Core\Base\Document->get_elements_raw_data(Array, true)
#1 C:\xampp\htdocs\bcom\wp-content\plugins\astra-sites\inc\importers\batch-processing\class-astra-sites-batch-processing-elementor.php(66): Elementor\TemplateLibrary\Astra_Sites_Batch_Processing_Elementor->import_single_post(8)
#2 C:\xampp\htdocs\bcom\wp-content\plugins\astra-sites\inc\importers\batch-processing\helpers\class-wp-background-process-astra.php(41): Elementor\TemplateLibrary\Astra_Sites_Batch_Processing_Elementor->import()
#3 C:\xampp\htdocs\bcom\wp-content\plugins\woocommerce\includes\libraries\wp-background-process.php(301): WP_Background_Process_Astra->task(Object(Elementor\TemplateLibrary\Astra_Sites_Batch_Processing_Elementor))
#4 C:\xampp\htdocs\bcom\wp-content\plugins\woocommerce\includes\libraries\wp-background-process.php(447): WP_Background_Process->handle()
#5 C:\xampp\htdocs\bcom\wp-includes\class-wp-hook.php(307): WP_Background_Process->handle_cron_healthcheck()
#6 C:\xampp\htdocs\bcom\wp-includes\class-wp-hook.php(331): WP_Hook->apply_filters('', Array)
#7 C:\xampp\htdocs\bcom\wp-includes\plugin.php(522): WP_Hook->do_action(Array)
#8 C:\xampp\htdocs\bcom\wp-cron.php(138): do_action_ref_array('wp_image_proces...', Array)
#9 {main}
  thrown dans C:\xampp\htdocs\bcom\wp-content\plugins\elementor\core\base\document.php à la ligne 878

2022-05-10T16:05:59+00:00 CRITICAL Uncaught Exception: Invalid data: {"data":["Array","Array"],"element":"Array"} in C:\xampp\htdocs\bcom\wp-content\plugins\elementor\core\base\document.php:878
Stack trace:
#0 C:\xampp\htdocs\bcom\wp-content\plugins\astra-sites\inc\importers\batch-processing\class-astra-sites-batch-processing-elementor.php(122): Elementor\Core\Base\Document->get_elements_raw_data(Array, true)
#1 C:\xampp\htdocs\bcom\wp-content\plugins\astra-sites\inc\importers\batch-processing\class-astra-sites-batch-processing-elementor.php(66): Elementor\TemplateLibrary\Astra_Sites_Batch_Processing_Elementor->import_single_post(8)
#2 C:\xampp\htdocs\bcom\wp-content\plugins\astra-sites\inc\importers\batch-processing\helpers\class-wp-background-process-astra.php(41): Elementor\TemplateLibrary\Astra_Sites_Batch_Processing_Elementor->import()
#3 C:\xampp\htdocs\bcom\wp-content\plugins\woocommerce\includes\libraries\wp-background-process.php(301): WP_Background_Process_Astra->task(Object(Elementor\TemplateLibrary\Astra_Sites_Batch_Processing_Elementor))
#4 C:\xampp\htdocs\bcom\wp-content\plugins\woocommerce\includes\libraries\wp-background-process.php(447): WP_Background_Process->handle()
#5 C:\xampp\htdocs\bcom\wp-includes\class-wp-hook.php(307): WP_Background_Process->handle_cron_healthcheck()
#6 C:\xampp\htdocs\bcom\wp-includes\class-wp-hook.php(331): WP_Hook->apply_filters('', Array)
#7 C:\xampp\htdocs\bcom\wp-includes\plugin.php(522): WP_Hook->do_action(Array)
#8 C:\xampp\htdocs\bcom\wp-cron.php(138): do_action_ref_array('wp_image_proces...', Array)
#9 {main}
  thrown dans C:\xampp\htdocs\bcom\wp-content\plugins\elementor\core\base\document.php à la ligne 878

2022-05-10T16:16:40+00:00 CRITICAL Uncaught Exception: Invalid data: {"data":["Array","Array"],"element":"Array"} in C:\xampp\htdocs\bcom\wp-content\plugins\elementor\core\base\document.php:878
Stack trace:
#0 C:\xampp\htdocs\bcom\wp-content\plugins\astra-sites\inc\importers\batch-processing\class-astra-sites-batch-processing-elementor.php(122): Elementor\Core\Base\Document->get_elements_raw_data(Array, true)
#1 C:\xampp\htdocs\bcom\wp-content\plugins\astra-sites\inc\importers\batch-processing\class-astra-sites-batch-processing-elementor.php(66): Elementor\TemplateLibrary\Astra_Sites_Batch_Processing_Elementor->import_single_post(8)
#2 C:\xampp\htdocs\bcom\wp-content\plugins\astra-sites\inc\importers\batch-processing\helpers\class-wp-background-process-astra.php(41): Elementor\TemplateLibrary\Astra_Sites_Batch_Processing_Elementor->import()
#3 C:\xampp\htdocs\bcom\wp-content\plugins\woocommerce\includes\libraries\wp-background-process.php(301): WP_Background_Process_Astra->task(Object(Elementor\TemplateLibrary\Astra_Sites_Batch_Processing_Elementor))
#4 C:\xampp\htdocs\bcom\wp-content\plugins\woocommerce\includes\libraries\wp-background-process.php(447): WP_Background_Process->handle()
#5 C:\xampp\htdocs\bcom\wp-includes\class-wp-hook.php(307): WP_Background_Process->handle_cron_healthcheck()
#6 C:\xampp\htdocs\bcom\wp-includes\class-wp-hook.php(331): WP_Hook->apply_filters('', Array)
#7 C:\xampp\htdocs\bcom\wp-includes\plugin.php(522): WP_Hook->do_action(Array)
#8 C:\xampp\htdocs\bcom\wp-cron.php(138): do_action_ref_array('wp_image_proces...', Array)
#9 {main}
  thrown dans C:\xampp\htdocs\bcom\wp-content\plugins\elementor\core\base\document.php à la ligne 878

2022-05-10T16:20:53+00:00 CRITICAL Uncaught Exception: Invalid data: {"data":["Array","Array"],"element":"Array"} in C:\xampp\htdocs\bcom\wp-content\plugins\elementor\core\base\document.php:878
Stack trace:
#0 C:\xampp\htdocs\bcom\wp-content\plugins\astra-sites\inc\importers\batch-processing\class-astra-sites-batch-processing-elementor.php(122): Elementor\Core\Base\Document->get_elements_raw_data(Array, true)
#1 C:\xampp\htdocs\bcom\wp-content\plugins\astra-sites\inc\importers\batch-processing\class-astra-sites-batch-processing-elementor.php(66): Elementor\TemplateLibrary\Astra_Sites_Batch_Processing_Elementor->import_single_post(8)
#2 C:\xampp\htdocs\bcom\wp-content\plugins\astra-sites\inc\importers\batch-processing\helpers\class-wp-background-process-astra.php(41): Elementor\TemplateLibrary\Astra_Sites_Batch_Processing_Elementor->import()
#3 C:\xampp\htdocs\bcom\wp-content\plugins\woocommerce\includes\libraries\wp-background-process.php(301): WP_Background_Process_Astra->task(Object(Elementor\TemplateLibrary\Astra_Sites_Batch_Processing_Elementor))
#4 C:\xampp\htdocs\bcom\wp-content\plugins\woocommerce\includes\libraries\wp-background-process.php(447): WP_Background_Process->handle()
#5 C:\xampp\htdocs\bcom\wp-includes\class-wp-hook.php(307): WP_Background_Process->handle_cron_healthcheck()
#6 C:\xampp\htdocs\bcom\wp-includes\class-wp-hook.php(331): WP_Hook->apply_filters('', Array)
#7 C:\xampp\htdocs\bcom\wp-includes\plugin.php(522): WP_Hook->do_action(Array)
#8 C:\xampp\htdocs\bcom\wp-cron.php(138): do_action_ref_array('wp_image_proces...', Array)
#9 {main}
  thrown dans C:\xampp\htdocs\bcom\wp-content\plugins\elementor\core\base\document.php à la ligne 878

2022-05-10T16:25:26+00:00 CRITICAL Uncaught Exception: Invalid data: {"data":["Array","Array"],"element":"Array"} in C:\xampp\htdocs\bcom\wp-content\plugins\elementor\core\base\document.php:878
Stack trace:
#0 C:\xampp\htdocs\bcom\wp-content\plugins\astra-sites\inc\importers\batch-processing\class-astra-sites-batch-processing-elementor.php(122): Elementor\Core\Base\Document->get_elements_raw_data(Array, true)
#1 C:\xampp\htdocs\bcom\wp-content\plugins\astra-sites\inc\importers\batch-processing\class-astra-sites-batch-processing-elementor.php(66): Elementor\TemplateLibrary\Astra_Sites_Batch_Processing_Elementor->import_single_post(8)
#2 C:\xampp\htdocs\bcom\wp-content\plugins\astra-sites\inc\importers\batch-processing\helpers\class-wp-background-process-astra.php(41): Elementor\TemplateLibrary\Astra_Sites_Batch_Processing_Elementor->import()
#3 C:\xampp\htdocs\bcom\wp-content\plugins\woocommerce\includes\libraries\wp-background-process.php(301): WP_Background_Process_Astra->task(Object(Elementor\TemplateLibrary\Astra_Sites_Batch_Processing_Elementor))
#4 C:\xampp\htdocs\bcom\wp-content\plugins\woocommerce\includes\libraries\wp-background-process.php(447): WP_Background_Process->handle()
#5 C:\xampp\htdocs\bcom\wp-includes\class-wp-hook.php(307): WP_Background_Process->handle_cron_healthcheck()
#6 C:\xampp\htdocs\bcom\wp-includes\class-wp-hook.php(331): WP_Hook->apply_filters('', Array)
#7 C:\xampp\htdocs\bcom\wp-includes\plugin.php(522): WP_Hook->do_action(Array)
#8 C:\xampp\htdocs\bcom\wp-cron.php(138): do_action_ref_array('wp_image_proces...', Array)
#9 {main}
  thrown dans C:\xampp\htdocs\bcom\wp-content\plugins\elementor\core\base\document.php à la ligne 878

2022-05-10T16:30:28+00:00 CRITICAL Uncaught Exception: Invalid data: {"data":["Array","Array"],"element":"Array"} in C:\xampp\htdocs\bcom\wp-content\plugins\elementor\core\base\document.php:878
Stack trace:
#0 C:\xampp\htdocs\bcom\wp-content\plugins\astra-sites\inc\importers\batch-processing\class-astra-sites-batch-processing-elementor.php(122): Elementor\Core\Base\Document->get_elements_raw_data(Array, true)
#1 C:\xampp\htdocs\bcom\wp-content\plugins\astra-sites\inc\importers\batch-processing\class-astra-sites-batch-processing-elementor.php(66): Elementor\TemplateLibrary\Astra_Sites_Batch_Processing_Elementor->import_single_post(8)
#2 C:\xampp\htdocs\bcom\wp-content\plugins\astra-sites\inc\importers\batch-processing\helpers\class-wp-background-process-astra.php(41): Elementor\TemplateLibrary\Astra_Sites_Batch_Processing_Elementor->import()
#3 C:\xampp\htdocs\bcom\wp-content\plugins\woocommerce\includes\libraries\wp-background-process.php(301): WP_Background_Process_Astra->task(Object(Elementor\TemplateLibrary\Astra_Sites_Batch_Processing_Elementor))
#4 C:\xampp\htdocs\bcom\wp-content\plugins\woocommerce\includes\libraries\wp-background-process.php(447): WP_Background_Process->handle()
#5 C:\xampp\htdocs\bcom\wp-includes\class-wp-hook.php(307): WP_Background_Process->handle_cron_healthcheck()
#6 C:\xampp\htdocs\bcom\wp-includes\class-wp-hook.php(331): WP_Hook->apply_filters('', Array)
#7 C:\xampp\htdocs\bcom\wp-includes\plugin.php(522): WP_Hook->do_action(Array)
#8 C:\xampp\htdocs\bcom\wp-cron.php(138): do_action_ref_array('wp_image_proces...', Array)
#9 {main}
  thrown dans C:\xampp\htdocs\bcom\wp-content\plugins\elementor\core\base\document.php à la ligne 878

2022-05-10T16:35:28+00:00 CRITICAL Uncaught Exception: Invalid data: {"data":["Array","Array"],"element":"Array"} in C:\xampp\htdocs\bcom\wp-content\plugins\elementor\core\base\document.php:878
Stack trace:
#0 C:\xampp\htdocs\bcom\wp-content\plugins\astra-sites\inc\importers\batch-processing\class-astra-sites-batch-processing-elementor.php(122): Elementor\Core\Base\Document->get_elements_raw_data(Array, true)
#1 C:\xampp\htdocs\bcom\wp-content\plugins\astra-sites\inc\importers\batch-processing\class-astra-sites-batch-processing-elementor.php(66): Elementor\TemplateLibrary\Astra_Sites_Batch_Processing_Elementor->import_single_post(8)
#2 C:\xampp\htdocs\bcom\wp-content\plugins\astra-sites\inc\importers\batch-processing\helpers\class-wp-background-process-astra.php(41): Elementor\TemplateLibrary\Astra_Sites_Batch_Processing_Elementor->import()
#3 C:\xampp\htdocs\bcom\wp-content\plugins\woocommerce\includes\libraries\wp-background-process.php(301): WP_Background_Process_Astra->task(Object(Elementor\TemplateLibrary\Astra_Sites_Batch_Processing_Elementor))
#4 C:\xampp\htdocs\bcom\wp-content\plugins\woocommerce\includes\libraries\wp-background-process.php(447): WP_Background_Process->handle()
#5 C:\xampp\htdocs\bcom\wp-includes\class-wp-hook.php(307): WP_Background_Process->handle_cron_healthcheck()
#6 C:\xampp\htdocs\bcom\wp-includes\class-wp-hook.php(331): WP_Hook->apply_filters('', Array)
#7 C:\xampp\htdocs\bcom\wp-includes\plugin.php(522): WP_Hook->do_action(Array)
#8 C:\xampp\htdocs\bcom\wp-cron.php(138): do_action_ref_array('wp_image_proces...', Array)
#9 {main}
  thrown dans C:\xampp\htdocs\bcom\wp-content\plugins\elementor\core\base\document.php à la ligne 878

2022-05-10T16:40:19+00:00 CRITICAL Uncaught Exception: Invalid data: {"data":["Array","Array"],"element":"Array"} in C:\xampp\htdocs\bcom\wp-content\plugins\elementor\core\base\document.php:878
Stack trace:
#0 C:\xampp\htdocs\bcom\wp-content\plugins\astra-sites\inc\importers\batch-processing\class-astra-sites-batch-processing-elementor.php(122): Elementor\Core\Base\Document->get_elements_raw_data(Array, true)
#1 C:\xampp\htdocs\bcom\wp-content\plugins\astra-sites\inc\importers\batch-processing\class-astra-sites-batch-processing-elementor.php(66): Elementor\TemplateLibrary\Astra_Sites_Batch_Processing_Elementor->import_single_post(8)
#2 C:\xampp\htdocs\bcom\wp-content\plugins\astra-sites\inc\importers\batch-processing\helpers\class-wp-background-process-astra.php(41): Elementor\TemplateLibrary\Astra_Sites_Batch_Processing_Elementor->import()
#3 C:\xampp\htdocs\bcom\wp-content\plugins\woocommerce\includes\libraries\wp-background-process.php(301): WP_Background_Process_Astra->task(Object(Elementor\TemplateLibrary\Astra_Sites_Batch_Processing_Elementor))
#4 C:\xampp\htdocs\bcom\wp-content\plugins\woocommerce\includes\libraries\wp-background-process.php(447): WP_Background_Process->handle()
#5 C:\xampp\htdocs\bcom\wp-includes\class-wp-hook.php(307): WP_Background_Process->handle_cron_healthcheck()
#6 C:\xampp\htdocs\bcom\wp-includes\class-wp-hook.php(331): WP_Hook->apply_filters('', Array)
#7 C:\xampp\htdocs\bcom\wp-includes\plugin.php(522): WP_Hook->do_action(Array)
#8 C:\xampp\htdocs\bcom\wp-cron.php(138): do_action_ref_array('wp_image_proces...', Array)
#9 {main}
  thrown dans C:\xampp\htdocs\bcom\wp-content\plugins\elementor\core\base\document.php à la ligne 878

2022-05-10T16:46:11+00:00 CRITICAL Uncaught Exception: Invalid data: {"data":["Array","Array"],"element":"Array"} in C:\xampp\htdocs\bcom\wp-content\plugins\elementor\core\base\document.php:878
Stack trace:
#0 C:\xampp\htdocs\bcom\wp-content\plugins\astra-sites\inc\importers\batch-processing\class-astra-sites-batch-processing-elementor.php(122): Elementor\Core\Base\Document->get_elements_raw_data(Array, true)
#1 C:\xampp\htdocs\bcom\wp-content\plugins\astra-sites\inc\importers\batch-processing\class-astra-sites-batch-processing-elementor.php(66): Elementor\TemplateLibrary\Astra_Sites_Batch_Processing_Elementor->import_single_post(8)
#2 C:\xampp\htdocs\bcom\wp-content\plugins\astra-sites\inc\importers\batch-processing\helpers\class-wp-background-process-astra.php(41): Elementor\TemplateLibrary\Astra_Sites_Batch_Processing_Elementor->import()
#3 C:\xampp\htdocs\bcom\wp-content\plugins\woocommerce\includes\libraries\wp-background-process.php(301): WP_Background_Process_Astra->task(Object(Elementor\TemplateLibrary\Astra_Sites_Batch_Processing_Elementor))
#4 C:\xampp\htdocs\bcom\wp-content\plugins\woocommerce\includes\libraries\wp-background-process.php(447): WP_Background_Process->handle()
#5 C:\xampp\htdocs\bcom\wp-includes\class-wp-hook.php(307): WP_Background_Process->handle_cron_healthcheck()
#6 C:\xampp\htdocs\bcom\wp-includes\class-wp-hook.php(331): WP_Hook->apply_filters('', Array)
#7 C:\xampp\htdocs\bcom\wp-includes\plugin.php(522): WP_Hook->do_action(Array)
#8 C:\xampp\htdocs\bcom\wp-cron.php(138): do_action_ref_array('wp_image_proces...', Array)
#9 {main}
  thrown dans C:\xampp\htdocs\bcom\wp-content\plugins\elementor\core\base\document.php à la ligne 878

2022-05-10T16:50:43+00:00 CRITICAL Uncaught Exception: Invalid data: {"data":["Array","Array"],"element":"Array"} in C:\xampp\htdocs\bcom\wp-content\plugins\elementor\core\base\document.php:878
Stack trace:
#0 C:\xampp\htdocs\bcom\wp-content\plugins\astra-sites\inc\importers\batch-processing\class-astra-sites-batch-processing-elementor.php(122): Elementor\Core\Base\Document->get_elements_raw_data(Array, true)
#1 C:\xampp\htdocs\bcom\wp-content\plugins\astra-sites\inc\importers\batch-processing\class-astra-sites-batch-processing-elementor.php(66): Elementor\TemplateLibrary\Astra_Sites_Batch_Processing_Elementor->import_single_post(8)
#2 C:\xampp\htdocs\bcom\wp-content\plugins\astra-sites\inc\importers\batch-processing\helpers\class-wp-background-process-astra.php(41): Elementor\TemplateLibrary\Astra_Sites_Batch_Processing_Elementor->import()
#3 C:\xampp\htdocs\bcom\wp-content\plugins\woocommerce\includes\libraries\wp-background-process.php(301): WP_Background_Process_Astra->task(Object(Elementor\TemplateLibrary\Astra_Sites_Batch_Processing_Elementor))
#4 C:\xampp\htdocs\bcom\wp-content\plugins\woocommerce\includes\libraries\wp-background-process.php(447): WP_Background_Process->handle()
#5 C:\xampp\htdocs\bcom\wp-includes\class-wp-hook.php(307): WP_Background_Process->handle_cron_healthcheck()
#6 C:\xampp\htdocs\bcom\wp-includes\class-wp-hook.php(331): WP_Hook->apply_filters('', Array)
#7 C:\xampp\htdocs\bcom\wp-includes\plugin.php(522): WP_Hook->do_action(Array)
#8 C:\xampp\htdocs\bcom\wp-cron.php(138): do_action_ref_array('wp_image_proces...', Array)
#9 {main}
  thrown dans C:\xampp\htdocs\bcom\wp-content\plugins\elementor\core\base\document.php à la ligne 878

